<?xml version="1.0" encoding="UTF-8" ?>
<testsuite failures="1" time="17.562" errors="0" skipped="0" tests="2" name="com.globant.training.tomas_niro.Tests">
  <properties>
    <property name="java.runtime.name" value="Java(TM) SE Runtime Environment"/>
    <property name="sun.boot.library.path" value="C:\Program Files (x86)\Java\jdk1.7.0_71\jre\bin"/>
    <property name="java.vm.version" value="24.71-b01"/>
    <property name="user.country.format" value="AR"/>
    <property name="java.vm.vendor" value="Oracle Corporation"/>
    <property name="java.vendor.url" value="http://java.oracle.com/"/>
    <property name="path.separator" value=";"/>
    <property name="guice.disable.misplaced.annotation.check" value="true"/>
    <property name="java.vm.name" value="Java HotSpot(TM) Client VM"/>
    <property name="file.encoding.pkg" value="sun.io"/>
    <property name="user.script" value=""/>
    <property name="user.country" value="US"/>
    <property name="sun.java.launcher" value="SUN_STANDARD"/>
    <property name="sun.os.patch.level" value="Service Pack 1"/>
    <property name="java.vm.specification.name" value="Java Virtual Machine Specification"/>
    <property name="user.dir" value="c:\Users\tomas.niro\TAE\Workspace\tomas_niro_mod0_ej1.jar"/>
    <property name="java.runtime.version" value="1.7.0_71-b14"/>
    <property name="java.awt.graphicsenv" value="sun.awt.Win32GraphicsEnvironment"/>
    <property name="java.endorsed.dirs" value="C:\Program Files (x86)\Java\jdk1.7.0_71\jre\lib\endorsed"/>
    <property name="os.arch" value="x86"/>
    <property name="java.io.tmpdir" value="C:\Users\TOMAS~1.NIR\AppData\Local\Temp\"/>
    <property name="line.separator" value="
"/>
    <property name="java.vm.specification.vendor" value="Oracle Corporation"/>
    <property name="user.variant" value=""/>
    <property name="os.name" value="Windows 7"/>
    <property name="classworlds.conf" value="C:\Program Files\Apache Software Foundation\apache-maven-3.2.5\bin\m2.conf"/>
    <property name="sun.jnu.encoding" value="Cp1252"/>
    <property name="java.library.path" value="C:\Program Files (x86)\Java\jdk1.7.0_71\bin;C:\Windows\Sun\Java\bin;C:\Windows\system32;C:\Windows;C:\ProgramData\Oracle\Java\javapath;C:\Windows\system32;C:\Windows;C:\Windows\System32\Wbem;C:\Windows\System32\WindowsPowerShell\v1.0\;C:\Program Files\TortoiseSVN\bin;C:\Program Files (x86)\Java\jdk1.7.0_71\bin;C:\Program Files (x86)\Java\jdk1.7.0_71\bin;C:\Program Files\Apache Software Foundation\apache-maven-3.2.5\bin;;."/>
    <property name="java.specification.name" value="Java Platform API Specification"/>
    <property name="java.class.version" value="51.0"/>
    <property name="sun.management.compiler" value="HotSpot Client Compiler"/>
    <property name="os.version" value="6.1"/>
    <property name="user.home" value="C:\Users\tomas.niro"/>
    <property name="user.timezone" value="America/Buenos_Aires"/>
    <property name="java.awt.printerjob" value="sun.awt.windows.WPrinterJob"/>
    <property name="java.specification.version" value="1.7"/>
    <property name="file.encoding" value="Cp1252"/>
    <property name="user.name" value="tomas.niro"/>
    <property name="java.class.path" value="C:\Program Files\Apache Software Foundation\apache-maven-3.2.5\boot\plexus-classworlds-2.5.2.jar"/>
    <property name="java.vm.specification.version" value="1.7"/>
    <property name="sun.arch.data.model" value="32"/>
    <property name="java.home" value="C:\Program Files (x86)\Java\jdk1.7.0_71\jre"/>
    <property name="sun.java.command" value="org.codehaus.plexus.classworlds.launcher.Launcher clean install"/>
    <property name="java.specification.vendor" value="Oracle Corporation"/>
    <property name="user.language" value="en"/>
    <property name="user.language.format" value="es"/>
    <property name="awt.toolkit" value="sun.awt.windows.WToolkit"/>
    <property name="java.vm.info" value="mixed mode, sharing"/>
    <property name="java.version" value="1.7.0_71"/>
    <property name="java.ext.dirs" value="C:\Program Files (x86)\Java\jdk1.7.0_71\jre\lib\ext;C:\Windows\Sun\Java\lib\ext"/>
    <property name="sun.boot.class.path" value="C:\Program Files (x86)\Java\jdk1.7.0_71\jre\lib\resources.jar;C:\Program Files (x86)\Java\jdk1.7.0_71\jre\lib\rt.jar;C:\Program Files (x86)\Java\jdk1.7.0_71\jre\lib\sunrsasign.jar;C:\Program Files (x86)\Java\jdk1.7.0_71\jre\lib\jsse.jar;C:\Program Files (x86)\Java\jdk1.7.0_71\jre\lib\jce.jar;C:\Program Files (x86)\Java\jdk1.7.0_71\jre\lib\charsets.jar;C:\Program Files (x86)\Java\jdk1.7.0_71\jre\lib\jfr.jar;C:\Program Files (x86)\Java\jdk1.7.0_71\jre\classes"/>
    <property name="java.vendor" value="Oracle Corporation"/>
    <property name="maven.home" value="C:\Program Files\Apache Software Foundation\apache-maven-3.2.5"/>
    <property name="file.separator" value="\"/>
    <property name="java.vendor.url.bug" value="http://bugreport.sun.com/bugreport/"/>
    <property name="sun.cpu.endian" value="little"/>
    <property name="sun.io.unicode.encoding" value="UnicodeLittle"/>
    <property name="sun.desktop" value="windows"/>
    <property name="sun.cpu.isalist" value="pentium_pro+mmx pentium_pro pentium+mmx pentium i486 i386 i86"/>
  </properties>
  <testcase time="9.04" classname="com.globant.training.tomas_niro.Tests" name="testForm"/>
  <testcase time="8.522" classname="com.globant.training.tomas_niro.Tests" name="testForm2">
    <failure message="Please make corrections below and try again.
Name: *
Email Address: *
A valid email address is required.
Subject: *
Message: *
its working? expected:&lt;null&gt; but was:&lt;[[FirefoxDriver: firefox on WINDOWS (6138128c-ac3c-406e-a03b-f704b034952d)] -&gt; id: cntctfrm_contact_form]&gt;" type="java.lang.AssertionError">java.lang.AssertionError: Please make corrections below and try again.
Name: *
Email Address: *
A valid email address is required.
Subject: *
Message: *
its working? expected:&lt;null&gt; but was:&lt;[[FirefoxDriver: firefox on WINDOWS (6138128c-ac3c-406e-a03b-f704b034952d)] -&gt; id: cntctfrm_contact_form]&gt;
	at org.testng.Assert.fail(Assert.java:89)
	at org.testng.Assert.failNotSame(Assert.java:485)
	at org.testng.Assert.assertNull(Assert.java:421)
	at com.globant.training.tomas_niro.Tests.testForm2(Tests.java:115)
</failure>
  </testcase>
</testsuite>