<?xml version="1.0" encoding="UTF-8"?>
<testng-results skipped="0" failed="1" total="9" passed="8">
  <reporter-output>
  </reporter-output>
  <suite name="Default suite" duration-ms="568829" started-at="2015-03-17T02:44:11Z" finished-at="2015-03-17T02:53:40Z">
    <groups>
    </groups>
    <test name="Default test" duration-ms="568829" started-at="2015-03-17T02:44:11Z" finished-at="2015-03-17T02:53:40Z">
      <class name="tomas_niro.training.globant.com.tests.Tests">
        <test-method status="PASS" signature="before()[pri:0, instance:tomas_niro.training.globant.com.tests.Tests@83fff9]" name="before" is-config="true" duration-ms="12819" started-at="2015-03-16T23:44:11Z" finished-at="2015-03-16T23:44:24Z">
          <reporter-output>
          </reporter-output>
        </test-method> <!-- before -->
        <test-method status="FAIL" signature="case4()[pri:0, instance:tomas_niro.training.globant.com.tests.Tests@83fff9]" name="case4" duration-ms="12373" started-at="2015-03-16T23:44:24Z" description="case4" finished-at="2015-03-16T23:44:36Z">
          <exception class="org.openqa.selenium.NoSuchElementException">
            <message>
              <![CDATA[Unable to locate element: {"method":"id","selector":"preMain"}
Command duration or timeout: 1.56 seconds
For documentation on this error, please visit: http://seleniumhq.org/exceptions/no_such_element.html
Build info: version: '2.44.0', revision: '76d78cf323ce037c5f92db6c1bba601c2ac43ad8', time: '2014-10-23 13:11:40'
System info: host: 'Tomas-PC', ip: '192.168.56.1', os.name: 'Windows 7', os.arch: 'x86', os.version: '6.1', java.version: '1.7.0_65'
Session ID: 03f63ed7-673f-4da1-a9e1-2194ef8d378f
Driver info: org.openqa.selenium.firefox.FirefoxDriver
Capabilities [{platform=WINDOWS, acceptSslCerts=true, javascriptEnabled=true, cssSelectorsEnabled=true, databaseEnabled=true, browserName=firefox, handlesAlerts=true, nativeEvents=false, webStorageEnabled=true, rotatable=false, locationContextEnabled=true, applicationCacheEnabled=true, takesScreenshot=true, version=34.0.5}]]]>
            </message>
            <full-stacktrace>
              <![CDATA[org.openqa.selenium.NoSuchElementException: Unable to locate element: {"method":"id","selector":"preMain"}
Command duration or timeout: 1.56 seconds
For documentation on this error, please visit: http://seleniumhq.org/exceptions/no_such_element.html
Build info: version: '2.44.0', revision: '76d78cf323ce037c5f92db6c1bba601c2ac43ad8', time: '2014-10-23 13:11:40'
System info: host: 'Tomas-PC', ip: '192.168.56.1', os.name: 'Windows 7', os.arch: 'x86', os.version: '6.1', java.version: '1.7.0_65'
Session ID: 03f63ed7-673f-4da1-a9e1-2194ef8d378f
Driver info: org.openqa.selenium.firefox.FirefoxDriver
Capabilities [{platform=WINDOWS, acceptSslCerts=true, javascriptEnabled=true, cssSelectorsEnabled=true, databaseEnabled=true, browserName=firefox, handlesAlerts=true, nativeEvents=false, webStorageEnabled=true, rotatable=false, locationContextEnabled=true, applicationCacheEnabled=true, takesScreenshot=true, version=34.0.5}]
	at sun.reflect.NativeConstructorAccessorImpl.newInstance0(Native Method)
	at sun.reflect.NativeConstructorAccessorImpl.newInstance(NativeConstructorAccessorImpl.java:57)
	at sun.reflect.DelegatingConstructorAccessorImpl.newInstance(DelegatingConstructorAccessorImpl.java:45)
	at java.lang.reflect.Constructor.newInstance(Constructor.java:526)
	at org.openqa.selenium.remote.ErrorHandler.createThrowable(ErrorHandler.java:204)
	at org.openqa.selenium.remote.ErrorHandler.throwIfResponseFailed(ErrorHandler.java:156)
	at org.openqa.selenium.remote.RemoteWebDriver.execute(RemoteWebDriver.java:599)
	at org.openqa.selenium.remote.RemoteWebDriver.findElement(RemoteWebDriver.java:352)
	at org.openqa.selenium.remote.RemoteWebDriver.findElementById(RemoteWebDriver.java:393)
	at org.openqa.selenium.By$ById.findElement(By.java:214)
	at org.openqa.selenium.remote.RemoteWebDriver.findElement(RemoteWebDriver.java:344)
	at tomas_niro.training.globant.com.pages.Logg.signedOut(Logg.java:30)
	at tomas_niro.training.globant.com.tests.Tests.case4(Tests.java:74)
	at sun.reflect.NativeMethodAccessorImpl.invoke0(Native Method)
	at sun.reflect.NativeMethodAccessorImpl.invoke(NativeMethodAccessorImpl.java:57)
	at sun.reflect.DelegatingMethodAccessorImpl.invoke(DelegatingMethodAccessorImpl.java:43)
	at java.lang.reflect.Method.invoke(Method.java:606)
	at org.testng.internal.MethodInvocationHelper.invokeMethod(MethodInvocationHelper.java:84)
	at org.testng.internal.Invoker.invokeMethod(Invoker.java:714)
	at org.testng.internal.Invoker.invokeTestMethod(Invoker.java:901)
	at org.testng.internal.Invoker.invokeTestMethods(Invoker.java:1231)
	at org.testng.internal.TestMethodWorker.invokeTestMethods(TestMethodWorker.java:127)
	at org.testng.internal.TestMethodWorker.run(TestMethodWorker.java:111)
	at org.testng.TestRunner.privateRun(TestRunner.java:767)
	at org.testng.TestRunner.run(TestRunner.java:617)
	at org.testng.SuiteRunner.runTest(SuiteRunner.java:334)
	at org.testng.SuiteRunner.runSequentially(SuiteRunner.java:329)
	at org.testng.SuiteRunner.privateRun(SuiteRunner.java:291)
	at org.testng.SuiteRunner.run(SuiteRunner.java:240)
	at org.testng.SuiteRunnerWorker.runSuite(SuiteRunnerWorker.java:52)
	at org.testng.SuiteRunnerWorker.run(SuiteRunnerWorker.java:86)
	at org.testng.TestNG.runSuitesSequentially(TestNG.java:1224)
	at org.testng.TestNG.runSuitesLocally(TestNG.java:1149)
	at org.testng.TestNG.run(TestNG.java:1057)
	at org.testng.remote.RemoteTestNG.run(RemoteTestNG.java:111)
	at org.testng.remote.RemoteTestNG.initAndRun(RemoteTestNG.java:204)
	at org.testng.remote.RemoteTestNG.main(RemoteTestNG.java:175)
Caused by: org.openqa.selenium.NoSuchElementException: Unable to locate element: {"method":"id","selector":"preMain"}
For documentation on this error, please visit: http://seleniumhq.org/exceptions/no_such_element.html
Build info: version: '2.44.0', revision: '76d78cf323ce037c5f92db6c1bba601c2ac43ad8', time: '2014-10-23 13:11:40'
System info: host: 'Tomas-PC', ip: '192.168.56.1', os.name: 'Windows 7', os.arch: 'x86', os.version: '6.1', java.version: '1.7.0_65'
Driver info: driver.version: unknown
	at <anonymous class>.FirefoxDriver.prototype.findElementInternal_(file:///C:/Users/Tomas/AppData/Local/Temp/anonymous5386892648331347201webdriver-profile/extensions/fxdriver@googlecode.com/components/driver-component.js:9641:26)
	at <anonymous class>.FirefoxDriver.prototype.findElement(file:///C:/Users/Tomas/AppData/Local/Temp/anonymous5386892648331347201webdriver-profile/extensions/fxdriver@googlecode.com/components/driver-component.js:9650:3)
	at <anonymous class>.DelayedCommand.prototype.executeInternal_/h(file:///C:/Users/Tomas/AppData/Local/Temp/anonymous5386892648331347201webdriver-profile/extensions/fxdriver@googlecode.com/components/command-processor.js:11635:16)
	at <anonymous class>.DelayedCommand.prototype.executeInternal_(file:///C:/Users/Tomas/AppData/Local/Temp/anonymous5386892648331347201webdriver-profile/extensions/fxdriver@googlecode.com/components/command-processor.js:11640:7)
	at <anonymous class>.DelayedCommand.prototype.execute/<(file:///C:/Users/Tomas/AppData/Local/Temp/anonymous5386892648331347201webdriver-profile/extensions/fxdriver@googlecode.com/components/command-processor.js:11582:5)
]]>
            </full-stacktrace>
          </exception> <!-- org.openqa.selenium.NoSuchElementException -->
          <reporter-output>
          </reporter-output>
        </test-method> <!-- case4 -->
        <test-method status="PASS" signature="after()[pri:0, instance:tomas_niro.training.globant.com.tests.Tests@83fff9]" name="after" is-config="true" duration-ms="1936" started-at="2015-03-16T23:44:36Z" finished-at="2015-03-16T23:44:38Z">
          <reporter-output>
          </reporter-output>
        </test-method> <!-- after -->
        <test-method status="PASS" signature="before()[pri:0, instance:tomas_niro.training.globant.com.tests.Tests@83fff9]" name="before" is-config="true" duration-ms="8251" started-at="2015-03-16T23:44:38Z" finished-at="2015-03-16T23:44:46Z">
          <reporter-output>
          </reporter-output>
        </test-method> <!-- before -->
        <test-method status="PASS" signature="case6()[pri:0, instance:tomas_niro.training.globant.com.tests.Tests@83fff9]" name="case6" duration-ms="10669" started-at="2015-03-16T23:44:46Z" description="case6" finished-at="2015-03-16T23:44:57Z">
          <reporter-output>
          </reporter-output>
        </test-method> <!-- case6 -->
        <test-method status="PASS" signature="after()[pri:0, instance:tomas_niro.training.globant.com.tests.Tests@83fff9]" name="after" is-config="true" duration-ms="304" started-at="2015-03-16T23:44:57Z" finished-at="2015-03-16T23:44:57Z">
          <reporter-output>
          </reporter-output>
        </test-method> <!-- after -->
        <test-method status="PASS" signature="before()[pri:0, instance:tomas_niro.training.globant.com.tests.Tests@83fff9]" name="before" is-config="true" duration-ms="7210" started-at="2015-03-16T23:44:57Z" finished-at="2015-03-16T23:45:05Z">
          <reporter-output>
          </reporter-output>
        </test-method> <!-- before -->
        <test-method status="PASS" signature="case7()[pri:0, instance:tomas_niro.training.globant.com.tests.Tests@83fff9]" name="case7" duration-ms="94829" started-at="2015-03-16T23:45:05Z" description="case7 - Definir y automatizar un test positivo dentro del flujo de búsqueda y reservación de vuelos." finished-at="2015-03-16T23:46:39Z">
          <reporter-output>
          </reporter-output>
        </test-method> <!-- case7 -->
        <test-method status="PASS" signature="after()[pri:0, instance:tomas_niro.training.globant.com.tests.Tests@83fff9]" name="after" is-config="true" duration-ms="777" started-at="2015-03-16T23:46:39Z" finished-at="2015-03-16T23:46:40Z">
          <reporter-output>
          </reporter-output>
        </test-method> <!-- after -->
        <test-method status="PASS" signature="before()[pri:0, instance:tomas_niro.training.globant.com.tests.Tests@83fff9]" name="before" is-config="true" duration-ms="7786" started-at="2015-03-16T23:46:40Z" finished-at="2015-03-16T23:46:48Z">
          <reporter-output>
          </reporter-output>
        </test-method> <!-- before -->
        <test-method status="PASS" signature="case8()[pri:0, instance:tomas_niro.training.globant.com.tests.Tests@83fff9]" name="case8" duration-ms="104582" started-at="2015-03-16T23:46:48Z" description="case8" finished-at="2015-03-16T23:48:33Z">
          <reporter-output>
          </reporter-output>
        </test-method> <!-- case8 -->
        <test-method status="PASS" signature="after()[pri:0, instance:tomas_niro.training.globant.com.tests.Tests@83fff9]" name="after" is-config="true" duration-ms="881" started-at="2015-03-16T23:48:33Z" finished-at="2015-03-16T23:48:33Z">
          <reporter-output>
          </reporter-output>
        </test-method> <!-- after -->
        <test-method status="PASS" signature="before()[pri:0, instance:tomas_niro.training.globant.com.tests.Tests@83fff9]" name="before" is-config="true" duration-ms="32460" started-at="2015-03-16T23:48:33Z" finished-at="2015-03-16T23:49:06Z">
          <reporter-output>
          </reporter-output>
        </test-method> <!-- before -->
        <test-method status="PASS" signature="case9()[pri:0, instance:tomas_niro.training.globant.com.tests.Tests@83fff9]" name="case9" duration-ms="106897" started-at="2015-03-16T23:49:06Z" description="case9" finished-at="2015-03-16T23:50:53Z">
          <reporter-output>
          </reporter-output>
        </test-method> <!-- case9 -->
        <test-method status="PASS" signature="after()[pri:0, instance:tomas_niro.training.globant.com.tests.Tests@83fff9]" name="after" is-config="true" duration-ms="500" started-at="2015-03-16T23:50:53Z" finished-at="2015-03-16T23:50:53Z">
          <reporter-output>
          </reporter-output>
        </test-method> <!-- after -->
        <test-method status="PASS" signature="before()[pri:0, instance:tomas_niro.training.globant.com.tests.Tests@83fff9]" name="before" is-config="true" duration-ms="7561" started-at="2015-03-16T23:50:53Z" finished-at="2015-03-16T23:51:01Z">
          <reporter-output>
          </reporter-output>
        </test-method> <!-- before -->
        <test-method status="PASS" signature="testFlight()[pri:0, instance:tomas_niro.training.globant.com.tests.Tests@83fff9]" name="testFlight" duration-ms="95156" started-at="2015-03-16T23:51:01Z" description="case5" finished-at="2015-03-16T23:52:36Z">
          <reporter-output>
          </reporter-output>
        </test-method> <!-- testFlight -->
        <test-method status="PASS" signature="after()[pri:0, instance:tomas_niro.training.globant.com.tests.Tests@83fff9]" name="after" is-config="true" duration-ms="733" started-at="2015-03-16T23:52:36Z" finished-at="2015-03-16T23:52:37Z">
          <reporter-output>
          </reporter-output>
        </test-method> <!-- after -->
        <test-method status="PASS" signature="before()[pri:0, instance:tomas_niro.training.globant.com.tests.Tests@83fff9]" name="before" is-config="true" duration-ms="7333" started-at="2015-03-16T23:52:37Z" finished-at="2015-03-16T23:52:44Z">
          <reporter-output>
          </reporter-output>
        </test-method> <!-- before -->
        <test-method status="PASS" signature="testLogin()[pri:0, instance:tomas_niro.training.globant.com.tests.Tests@83fff9]" name="testLogin" duration-ms="9884" started-at="2015-03-16T23:52:44Z" description="case1" finished-at="2015-03-16T23:52:54Z">
          <reporter-output>
          </reporter-output>
        </test-method> <!-- testLogin -->
        <test-method status="PASS" signature="after()[pri:0, instance:tomas_niro.training.globant.com.tests.Tests@83fff9]" name="after" is-config="true" duration-ms="280" started-at="2015-03-16T23:52:54Z" finished-at="2015-03-16T23:52:54Z">
          <reporter-output>
          </reporter-output>
        </test-method> <!-- after -->
        <test-method status="PASS" signature="before()[pri:0, instance:tomas_niro.training.globant.com.tests.Tests@83fff9]" name="before" is-config="true" duration-ms="8076" started-at="2015-03-16T23:52:54Z" finished-at="2015-03-16T23:53:02Z">
          <reporter-output>
          </reporter-output>
        </test-method> <!-- before -->
        <test-method status="PASS" signature="testLoginPsswFail()[pri:0, instance:tomas_niro.training.globant.com.tests.Tests@83fff9]" name="testLoginPsswFail" duration-ms="13209" started-at="2015-03-16T23:53:02Z" description="case3" finished-at="2015-03-16T23:53:16Z">
          <reporter-output>
          </reporter-output>
        </test-method> <!-- testLoginPsswFail -->
        <test-method status="PASS" signature="after()[pri:0, instance:tomas_niro.training.globant.com.tests.Tests@83fff9]" name="after" is-config="true" duration-ms="286" started-at="2015-03-16T23:53:16Z" finished-at="2015-03-16T23:53:16Z">
          <reporter-output>
          </reporter-output>
        </test-method> <!-- after -->
        <test-method status="PASS" signature="before()[pri:0, instance:tomas_niro.training.globant.com.tests.Tests@83fff9]" name="before" is-config="true" duration-ms="9734" started-at="2015-03-16T23:53:16Z" finished-at="2015-03-16T23:53:26Z">
          <reporter-output>
          </reporter-output>
        </test-method> <!-- before -->
        <test-method status="PASS" signature="testLoginUserFail()[pri:0, instance:tomas_niro.training.globant.com.tests.Tests@83fff9]" name="testLoginUserFail" duration-ms="13769" started-at="2015-03-16T23:53:26Z" description="case2" finished-at="2015-03-16T23:53:39Z">
          <reporter-output>
          </reporter-output>
        </test-method> <!-- testLoginUserFail -->
        <test-method status="PASS" signature="after()[pri:0, instance:tomas_niro.training.globant.com.tests.Tests@83fff9]" name="after" is-config="true" duration-ms="336" started-at="2015-03-16T23:53:39Z" finished-at="2015-03-16T23:53:40Z">
          <reporter-output>
          </reporter-output>
        </test-method> <!-- after -->
      </class> <!-- tomas_niro.training.globant.com.tests.Tests -->
    </test> <!-- Default test -->
  </suite> <!-- Default suite -->
</testng-results>
